# JRE version: OpenJDK Runtime Environment (8.0_152-b06) (build 1.8.0_152-release-1136-b06)
# Java VM: OpenJDK 64-Bit Server VM (25.152-b06 mixed mode windows-amd64 compressed oops)
Heap:
 PSYoungGen      total 210944K, used 39511K [0x00000000e0000000, 0x00000000ef780000, 0x0000000100000000)
  eden space 182784K, 6% used [0x00000000e0000000,0x00000000e0b19eb8,0x00000000eb280000)
  from space 28160K, 99% used [0x00000000eb280000,0x00000000ecdfc020,0x00000000ece00000)
  to   space 16384K, 0% used [0x00000000ece00000,0x00000000ece00000,0x00000000ede00000)
 ParOldGen       total 126976K, used 80038K [0x00000000a0000000, 0x00000000a7c00000, 0x00000000e0000000)
  object space 126976K, 63% used [0x00000000a0000000,0x00000000a4e29a90,0x00000000a7c00000)
 Metaspace       used 63181K, capacity 64838K, committed 65048K, reserved 1105920K
  class space    used 8285K, capacity 8682K, committed 8752K, reserved 1048576K
GC Heap History (10 events):
Event: 31.836 GC heap before
{Heap before GC invocations=14 (full 2):
 PSYoungGen      total 138752K, used 138732K [0x00000000e0000000, 0x00000000eb580000, 0x0000000100000000)
  eden space 127488K, 100% used [0x00000000e0000000,0x00000000e7c80000,0x00000000e7c80000)
  from space 11264K, 99% used [0x00000000e7c80000,0x00000000e877b270,0x00000000e8780000)
  to   space 15360K, 0% used [0x00000000ea680000,0x00000000ea680000,0x00000000eb580000)
 ParOldGen       total 79872K, used 22471K [0x00000000a0000000, 0x00000000a4e00000, 0x00000000e0000000)
  object space 79872K, 28% used [0x00000000a0000000,0x00000000a15f1ee8,0x00000000a4e00000)
 Metaspace       used 55634K, capacity 57246K, committed 57384K, reserved 1099776K
  class space    used 7546K, capacity 7964K, committed 7984K, reserved 1048576K
Event: 31.877 GC heap after
Heap after GC invocations=14 (full 2):
 PSYoungGen      total 169984K, used 12153K [0x00000000e0000000, 0x00000000ec080000, 0x0000000100000000)
  eden space 154624K, 0% used [0x00000000e0000000,0x00000000e0000000,0x00000000e9700000)
  from space 15360K, 79% used [0x00000000ea680000,0x00000000eb25e480,0x00000000eb580000)
  to   space 15872K, 0% used [0x00000000e9700000,0x00000000e9700000,0x00000000ea680000)
 ParOldGen       total 79872K, used 29210K [0x00000000a0000000, 0x00000000a4e00000, 0x00000000e0000000)
  object space 79872K, 36% used [0x00000000a0000000,0x00000000a1c86a88,0x00000000a4e00000)
 Metaspace       used 55634K, capacity 57246K, committed 57384K, reserved 1099776K
  class space    used 7546K, capacity 7964K, committed 7984K, reserved 1048576K
}
Event: 40.523 GC heap before
{Heap before GC invocations=15 (full 2):
 PSYoungGen      total 169984K, used 50785K [0x00000000e0000000, 0x00000000ec080000, 0x0000000100000000)
  eden space 154624K, 24% used [0x00000000e0000000,0x00000000e25ba020,0x00000000e9700000)
  from space 15360K, 79% used [0x00000000ea680000,0x00000000eb25e480,0x00000000eb580000)
  to   space 15872K, 0% used [0x00000000e9700000,0x00000000e9700000,0x00000000ea680000)
 ParOldGen       total 79872K, used 29210K [0x00000000a0000000, 0x00000000a4e00000, 0x00000000e0000000)
  object space 79872K, 36% used [0x00000000a0000000,0x00000000a1c86a88,0x00000000a4e00000)
 Metaspace       used 57530K, capacity 59120K, committed 59160K, reserved 1099776K
  class space    used 7819K, capacity 8226K, committed 8240K, reserved 1048576K
Event: 40.541 GC heap after
Heap after GC invocations=15 (full 2):
 PSYoungGen      total 170496K, used 3217K [0x00000000e0000000, 0x00000000ede00000, 0x0000000100000000)
  eden space 154624K, 0% used [0x00000000e0000000,0x00000000e0000000,0x00000000e9700000)
  from space 15872K, 20% used [0x00000000e9700000,0x00000000e9a245b0,0x00000000ea680000)
  to   space 16384K, 0% used [0x00000000ece00000,0x00000000ece00000,0x00000000ede00000)
 ParOldGen       total 79872K, used 37923K [0x00000000a0000000, 0x00000000a4e00000, 0x00000000e0000000)
  object space 79872K, 47% used [0x00000000a0000000,0x00000000a2508fd8,0x00000000a4e00000)
 Metaspace       used 57530K, capacity 59120K, committed 59160K, reserved 1099776K
  class space    used 7819K, capacity 8226K, committed 8240K, reserved 1048576K
}
Event: 40.541 GC heap before
{Heap before GC invocations=16 (full 3):
 PSYoungGen      total 170496K, used 3217K [0x00000000e0000000, 0x00000000ede00000, 0x0000000100000000)
  eden space 154624K, 0% used [0x00000000e0000000,0x00000000e0000000,0x00000000e9700000)
  from space 15872K, 20% used [0x00000000e9700000,0x00000000e9a245b0,0x00000000ea680000)
  to   space 16384K, 0% used [0x00000000ece00000,0x00000000ece00000,0x00000000ede00000)
 ParOldGen       total 79872K, used 37923K [0x00000000a0000000, 0x00000000a4e00000, 0x00000000e0000000)
  object space 79872K, 47% used [0x00000000a0000000,0x00000000a2508fd8,0x00000000a4e00000)
 Metaspace       used 57530K, capacity 59120K, committed 59160K, reserved 1099776K
  class space    used 7819K, capacity 8226K, committed 8240K, reserved 1048576K
Event: 40.936 GC heap after
Heap after GC invocations=16 (full 3):
 PSYoungGen      total 170496K, used 0K [0x00000000e0000000, 0x00000000ede00000, 0x0000000100000000)
  eden space 154624K, 0% used [0x00000000e0000000,0x00000000e0000000,0x00000000e9700000)
  from space 15872K, 0% used [0x00000000e9700000,0x00000000e9700000,0x00000000ea680000)
  to   space 16384K, 0% used [0x00000000ece00000,0x00000000ece00000,0x00000000ede00000)
 ParOldGen       total 126976K, used 36723K [0x00000000a0000000, 0x00000000a7c00000, 0x00000000e0000000)
  object space 126976K, 28% used [0x00000000a0000000,0x00000000a23dcc28,0x00000000a7c00000)
 Metaspace       used 57530K, capacity 59120K, committed 59160K, reserved 1099776K
  class space    used 7819K, capacity 8226K, committed 8240K, reserved 1048576K
}
Event: 46.754 GC heap before
{Heap before GC invocations=17 (full 3):
 PSYoungGen      total 170496K, used 154624K [0x00000000e0000000, 0x00000000ede00000, 0x0000000100000000)
  eden space 154624K, 100% used [0x00000000e0000000,0x00000000e9700000,0x00000000e9700000)
  from space 15872K, 0% used [0x00000000e9700000,0x00000000e9700000,0x00000000ea680000)
  to   space 16384K, 0% used [0x00000000ece00000,0x00000000ece00000,0x00000000ede00000)
 ParOldGen       total 126976K, used 36723K [0x00000000a0000000, 0x00000000a7c00000, 0x00000000e0000000)
  object space 126976K, 28% used [0x00000000a0000000,0x00000000a23dcc28,0x00000000a7c00000)
 Metaspace       used 61310K, capacity 63008K, committed 63128K, reserved 1103872K
  class space    used 8163K, capacity 8585K, committed 8624K, reserved 1048576K
Event: 46.860 GC heap after
Heap after GC invocations=17 (full 3):
 PSYoungGen      total 199168K, used 16370K [0x00000000e0000000, 0x00000000ef780000, 0x0000000100000000)
  eden space 182784K, 0% used [0x00000000e0000000,0x00000000e0000000,0x00000000eb280000)
  from space 16384K, 99% used [0x00000000ece00000,0x00000000eddfcb78,0x00000000ede00000)
  to   space 28160K, 0% used [0x00000000eb280000,0x00000000eb280000,0x00000000ece00000)
 ParOldGen       total 126976K, used 62135K [0x00000000a0000000, 0x00000000a7c00000, 0x00000000e0000000)
  object space 126976K, 48% used [0x00000000a0000000,0x00000000a3cade60,0x00000000a7c00000)
 Metaspace       used 61310K, capacity 63008K, committed 63128K, reserved 1103872K
  class space    used 8163K, capacity 8585K, committed 8624K, reserved 1048576K
}
Event: 64.511 GC heap before
{Heap before GC invocations=18 (full 3):
 PSYoungGen      total 199168K, used 199154K [0x00000000e0000000, 0x00000000ef780000, 0x0000000100000000)
  eden space 182784K, 100% used [0x00000000e0000000,0x00000000eb280000,0x00000000eb280000)
  from space 16384K, 99% used [0x00000000ece00000,0x00000000eddfcb78,0x00000000ede00000)
  to   space 28160K, 0% used [0x00000000eb280000,0x00000000eb280000,0x00000000ece00000)
 ParOldGen       total 126976K, used 62135K [0x00000000a0000000, 0x00000000a7c00000, 0x00000000e0000000)
  object space 126976K, 48% used [0x00000000a0000000,0x00000000a3cade60,0x00000000a7c00000)
 Metaspace       used 63064K, capacity 64710K, committed 64792K, reserved 1105920K
  class space    used 8273K, capacity 8682K, committed 8752K, reserved 1048576K
Event: 64.685 GC heap after
Heap after GC invocations=18 (full 3):
 PSYoungGen      total 210944K, used 28144K [0x00000000e0000000, 0x00000000ef780000, 0x0000000100000000)
  eden space 182784K, 0% used [0x00000000e0000000,0x00000000e0000000,0x00000000eb280000)
  from space 28160K, 99% used [0x00000000eb280000,0x00000000ecdfc020,0x00000000ece00000)
  to   space 16384K, 0% used [0x00000000ece00000,0x00000000ece00000,0x00000000ede00000)
 ParOldGen       total 126976K, used 80038K [0x00000000a0000000, 0x00000000a7c00000, 0x00000000e0000000)
  object space 126976K, 63% used [0x00000000a0000000,0x00000000a4e29a90,0x00000000a7c00000)
 Metaspace       used 63064K, capacity 64710K, committed 64792K, reserved 1105920K
  class space    used 8273K, capacity 8682K, committed 8752K, reserved 1048576K
}

