# JRE version: OpenJDK Runtime Environment (8.0_152-b06) (build 1.8.0_152-release-1136-b06)
# Java VM: OpenJDK 64-Bit Server VM (25.152-b06 mixed mode windows-amd64 compressed oops)
Heap:
 PSYoungGen      total 119296K, used 23797K [0x00000000e0000000, 0x00000000e7f80000, 0x0000000100000000)
  eden space 108032K, 11% used [0x00000000e0000000,0x00000000e0c3da90,0x00000000e6980000)
  from space 11264K, 99% used [0x00000000e6980000,0x00000000e747fc08,0x00000000e7480000)
  to   space 8192K, 0% used [0x00000000e7780000,0x00000000e7780000,0x00000000e7f80000)
 ParOldGen       total 84480K, used 21434K [0x00000000a0000000, 0x00000000a5280000, 0x00000000e0000000)
  object space 84480K, 25% used [0x00000000a0000000,0x00000000a14eeae0,0x00000000a5280000)
 Metaspace       used 50688K, capacity 51928K, committed 52008K, reserved 1093632K
  class space    used 6827K, capacity 7183K, committed 7216K, reserved 1048576K
GC Heap History (10 events):
Event: 10.670 GC heap before
{Heap before GC invocations=9 (full 1):
 PSYoungGen      total 69632K, used 65828K [0x00000000e0000000, 0x00000000e6280000, 0x0000000100000000)
  eden space 59392K, 100% used [0x00000000e0000000,0x00000000e3a00000,0x00000000e3a00000)
  from space 10240K, 62% used [0x00000000e3a00000,0x00000000e4049070,0x00000000e4400000)
  to   space 9728K, 0% used [0x00000000e5900000,0x00000000e5900000,0x00000000e6280000)
 ParOldGen       total 58880K, used 8346K [0x00000000a0000000, 0x00000000a3980000, 0x00000000e0000000)
  object space 58880K, 14% used [0x00000000a0000000,0x00000000a0826a88,0x00000000a3980000)
 Metaspace       used 32460K, capacity 32944K, committed 33200K, reserved 1077248K
  class space    used 4547K, capacity 4709K, committed 4784K, reserved 1048576K
Event: 10.681 GC heap after
Heap after GC invocations=9 (full 1):
 PSYoungGen      total 89600K, used 9724K [0x00000000e0000000, 0x00000000e6e00000, 0x0000000100000000)
  eden space 79872K, 0% used [0x00000000e0000000,0x00000000e0000000,0x00000000e4e00000)
  from space 9728K, 99% used [0x00000000e5900000,0x00000000e627f380,0x00000000e6280000)
  to   space 11264K, 0% used [0x00000000e4e00000,0x00000000e4e00000,0x00000000e5900000)
 ParOldGen       total 58880K, used 8354K [0x00000000a0000000, 0x00000000a3980000, 0x00000000e0000000)
  object space 58880K, 14% used [0x00000000a0000000,0x00000000a0828a88,0x00000000a3980000)
 Metaspace       used 32460K, capacity 32944K, committed 33200K, reserved 1077248K
  class space    used 4547K, capacity 4709K, committed 4784K, reserved 1048576K
}
Event: 10.941 GC heap before
{Heap before GC invocations=10 (full 1):
 PSYoungGen      total 89600K, used 24451K [0x00000000e0000000, 0x00000000e6e00000, 0x0000000100000000)
  eden space 79872K, 18% used [0x00000000e0000000,0x00000000e0e61b50,0x00000000e4e00000)
  from space 9728K, 99% used [0x00000000e5900000,0x00000000e627f380,0x00000000e6280000)
  to   space 11264K, 0% used [0x00000000e4e00000,0x00000000e4e00000,0x00000000e5900000)
 ParOldGen       total 58880K, used 8354K [0x00000000a0000000, 0x00000000a3980000, 0x00000000e0000000)
  object space 58880K, 14% used [0x00000000a0000000,0x00000000a0828a88,0x00000000a3980000)
 Metaspace       used 34887K, capacity 35404K, committed 35496K, reserved 1079296K
  class space    used 4822K, capacity 4998K, committed 5040K, reserved 1048576K
Event: 10.950 GC heap after
Heap after GC invocations=10 (full 1):
 PSYoungGen      total 91136K, used 8373K [0x00000000e0000000, 0x00000000e8280000, 0x0000000100000000)
  eden space 79872K, 0% used [0x00000000e0000000,0x00000000e0000000,0x00000000e4e00000)
  from space 11264K, 74% used [0x00000000e4e00000,0x00000000e562d648,0x00000000e5900000)
  to   space 11264K, 0% used [0x00000000e7780000,0x00000000e7780000,0x00000000e8280000)
 ParOldGen       total 58880K, used 8362K [0x00000000a0000000, 0x00000000a3980000, 0x00000000e0000000)
  object space 58880K, 14% used [0x00000000a0000000,0x00000000a082aa88,0x00000000a3980000)
 Metaspace       used 34887K, capacity 35404K, committed 35496K, reserved 1079296K
  class space    used 4822K, capacity 4998K, committed 5040K, reserved 1048576K
}
Event: 10.950 GC heap before
{Heap before GC invocations=11 (full 2):
 PSYoungGen      total 91136K, used 8373K [0x00000000e0000000, 0x00000000e8280000, 0x0000000100000000)
  eden space 79872K, 0% used [0x00000000e0000000,0x00000000e0000000,0x00000000e4e00000)
  from space 11264K, 74% used [0x00000000e4e00000,0x00000000e562d648,0x00000000e5900000)
  to   space 11264K, 0% used [0x00000000e7780000,0x00000000e7780000,0x00000000e8280000)
 ParOldGen       total 58880K, used 8362K [0x00000000a0000000, 0x00000000a3980000, 0x00000000e0000000)
  object space 58880K, 14% used [0x00000000a0000000,0x00000000a082aa88,0x00000000a3980000)
 Metaspace       used 34887K, capacity 35404K, committed 35496K, reserved 1079296K
  class space    used 4822K, capacity 4998K, committed 5040K, reserved 1048576K
Event: 11.030 GC heap after
Heap after GC invocations=11 (full 2):
 PSYoungGen      total 91136K, used 0K [0x00000000e0000000, 0x00000000e8280000, 0x0000000100000000)
  eden space 79872K, 0% used [0x00000000e0000000,0x00000000e0000000,0x00000000e4e00000)
  from space 11264K, 0% used [0x00000000e4e00000,0x00000000e4e00000,0x00000000e5900000)
  to   space 11264K, 0% used [0x00000000e7780000,0x00000000e7780000,0x00000000e8280000)
 ParOldGen       total 84480K, used 14919K [0x00000000a0000000, 0x00000000a5280000, 0x00000000e0000000)
  object space 84480K, 17% used [0x00000000a0000000,0x00000000a0e91fb8,0x00000000a5280000)
 Metaspace       used 34887K, capacity 35404K, committed 35496K, reserved 1079296K
  class space    used 4822K, capacity 4998K, committed 5040K, reserved 1048576K
}
Event: 12.041 GC heap before
{Heap before GC invocations=12 (full 2):
 PSYoungGen      total 91136K, used 79872K [0x00000000e0000000, 0x00000000e8280000, 0x0000000100000000)
  eden space 79872K, 100% used [0x00000000e0000000,0x00000000e4e00000,0x00000000e4e00000)
  from space 11264K, 0% used [0x00000000e4e00000,0x00000000e4e00000,0x00000000e5900000)
  to   space 11264K, 0% used [0x00000000e7780000,0x00000000e7780000,0x00000000e8280000)
 ParOldGen       total 84480K, used 14919K [0x00000000a0000000, 0x00000000a5280000, 0x00000000e0000000)
  object space 84480K, 17% used [0x00000000a0000000,0x00000000a0e91fb8,0x00000000a5280000)
 Metaspace       used 39362K, capacity 40040K, committed 40232K, reserved 1083392K
  class space    used 5364K, capacity 5596K, committed 5680K, reserved 1048576K
Event: 12.057 GC heap after
Heap after GC invocations=12 (full 2):
 PSYoungGen      total 116224K, used 7987K [0x00000000e0000000, 0x00000000e7f80000, 0x0000000100000000)
  eden space 108032K, 0% used [0x00000000e0000000,0x00000000e0000000,0x00000000e6980000)
  from space 8192K, 97% used [0x00000000e7780000,0x00000000e7f4cf60,0x00000000e7f80000)
  to   space 11264K, 0% used [0x00000000e6980000,0x00000000e6980000,0x00000000e7480000)
 ParOldGen       total 84480K, used 14927K [0x00000000a0000000, 0x00000000a5280000, 0x00000000e0000000)
  object space 84480K, 17% used [0x00000000a0000000,0x00000000a0e93fb8,0x00000000a5280000)
 Metaspace       used 39362K, capacity 40040K, committed 40232K, reserved 1083392K
  class space    used 5364K, capacity 5596K, committed 5680K, reserved 1048576K
}
Event: 14.320 GC heap before
{Heap before GC invocations=13 (full 2):
 PSYoungGen      total 116224K, used 116019K [0x00000000e0000000, 0x00000000e7f80000, 0x0000000100000000)
  eden space 108032K, 100% used [0x00000000e0000000,0x00000000e6980000,0x00000000e6980000)
  from space 8192K, 97% used [0x00000000e7780000,0x00000000e7f4cf60,0x00000000e7f80000)
  to   space 11264K, 0% used [0x00000000e6980000,0x00000000e6980000,0x00000000e7480000)
 ParOldGen       total 84480K, used 14927K [0x00000000a0000000, 0x00000000a5280000, 0x00000000e0000000)
  object space 84480K, 17% used [0x00000000a0000000,0x00000000a0e93fb8,0x00000000a5280000)
 Metaspace       used 49658K, capacity 50758K, committed 51112K, reserved 1093632K
  class space    used 6651K, capacity 6982K, committed 7088K, reserved 1048576K
Event: 14.354 GC heap after
Heap after GC invocations=13 (full 2):
 PSYoungGen      total 119296K, used 11263K [0x00000000e0000000, 0x00000000e7f80000, 0x0000000100000000)
  eden space 108032K, 0% used [0x00000000e0000000,0x00000000e0000000,0x00000000e6980000)
  from space 11264K, 99% used [0x00000000e6980000,0x00000000e747fc08,0x00000000e7480000)
  to   space 8192K, 0% used [0x00000000e7780000,0x00000000e7780000,0x00000000e7f80000)
 ParOldGen       total 84480K, used 21434K [0x00000000a0000000, 0x00000000a5280000, 0x00000000e0000000)
  object space 84480K, 25% used [0x00000000a0000000,0x00000000a14eeae0,0x00000000a5280000)
 Metaspace       used 49658K, capacity 50758K, committed 51112K, reserved 1093632K
  class space    used 6651K, capacity 6982K, committed 7088K, reserved 1048576K
}

