# JRE version: OpenJDK Runtime Environment (8.0_152-b06) (build 1.8.0_152-release-1136-b06)
# Java VM: OpenJDK 64-Bit Server VM (25.152-b06 mixed mode windows-amd64 compressed oops)
Heap:
 PSYoungGen      total 122368K, used 48168K [0x00000000e0000000, 0x00000000e8b80000, 0x0000000100000000)
  eden space 112640K, 34% used [0x00000000e0000000,0x00000000e25d04a8,0x00000000e6e00000)
  from space 9728K, 97% used [0x00000000e8200000,0x00000000e8b39e30,0x00000000e8b80000)
  to   space 11264K, 0% used [0x00000000e7580000,0x00000000e7580000,0x00000000e8080000)
 ParOldGen       total 85504K, used 15047K [0x00000000a0000000, 0x00000000a5380000, 0x00000000e0000000)
  object space 85504K, 17% used [0x00000000a0000000,0x00000000a0eb1e98,0x00000000a5380000)
 Metaspace       used 42676K, capacity 43450K, committed 43816K, reserved 1087488K
  class space    used 5773K, capacity 6066K, committed 6192K, reserved 1048576K
GC Heap History (10 events):
Event: 6.048 GC heap before
{Heap before GC invocations=8 (full 1):
 PSYoungGen      total 57856K, used 57523K [0x00000000e0000000, 0x00000000e4e00000, 0x0000000100000000)
  eden space 53760K, 100% used [0x00000000e0000000,0x00000000e3480000,0x00000000e3480000)
  from space 4096K, 91% used [0x00000000e4a00000,0x00000000e4dacc88,0x00000000e4e00000)
  to   space 10240K, 0% used [0x00000000e3a00000,0x00000000e3a00000,0x00000000e4400000)
 ParOldGen       total 57856K, used 8335K [0x00000000a0000000, 0x00000000a3880000, 0x00000000e0000000)
  object space 57856K, 14% used [0x00000000a0000000,0x00000000a0823e18,0x00000000a3880000)
 Metaspace       used 27805K, capacity 28280K, committed 28464K, reserved 1073152K
  class space    used 3886K, capacity 4027K, committed 4144K, reserved 1048576K
Event: 6.062 GC heap after
Heap after GC invocations=8 (full 1):
 PSYoungGen      total 69632K, used 6550K [0x00000000e0000000, 0x00000000e6900000, 0x0000000100000000)
  eden space 59392K, 0% used [0x00000000e0000000,0x00000000e0000000,0x00000000e3a00000)
  from space 10240K, 63% used [0x00000000e3a00000,0x00000000e4065ae8,0x00000000e4400000)
  to   space 10240K, 0% used [0x00000000e5f00000,0x00000000e5f00000,0x00000000e6900000)
 ParOldGen       total 57856K, used 8343K [0x00000000a0000000, 0x00000000a3880000, 0x00000000e0000000)
  object space 57856K, 14% used [0x00000000a0000000,0x00000000a0825e18,0x00000000a3880000)
 Metaspace       used 27805K, capacity 28280K, committed 28464K, reserved 1073152K
  class space    used 3886K, capacity 4027K, committed 4144K, reserved 1048576K
}
Event: 7.743 GC heap before
{Heap before GC invocations=9 (full 1):
 PSYoungGen      total 69632K, used 65942K [0x00000000e0000000, 0x00000000e6900000, 0x0000000100000000)
  eden space 59392K, 100% used [0x00000000e0000000,0x00000000e3a00000,0x00000000e3a00000)
  from space 10240K, 63% used [0x00000000e3a00000,0x00000000e4065ae8,0x00000000e4400000)
  to   space 10240K, 0% used [0x00000000e5f00000,0x00000000e5f00000,0x00000000e6900000)
 ParOldGen       total 57856K, used 8343K [0x00000000a0000000, 0x00000000a3880000, 0x00000000e0000000)
  object space 57856K, 14% used [0x00000000a0000000,0x00000000a0825e18,0x00000000a3880000)
 Metaspace       used 32470K, capacity 32958K, committed 33200K, reserved 1077248K
  class space    used 4554K, capacity 4715K, committed 4784K, reserved 1048576K
Event: 7.765 GC heap after
Heap after GC invocations=9 (full 1):
 PSYoungGen      total 96256K, used 9738K [0x00000000e0000000, 0x00000000e7380000, 0x0000000100000000)
  eden space 86016K, 0% used [0x00000000e0000000,0x00000000e0000000,0x00000000e5400000)
  from space 10240K, 95% used [0x00000000e5f00000,0x00000000e6882ba0,0x00000000e6900000)
  to   space 11264K, 0% used [0x00000000e5400000,0x00000000e5400000,0x00000000e5f00000)
 ParOldGen       total 57856K, used 8351K [0x00000000a0000000, 0x00000000a3880000, 0x00000000e0000000)
  object space 57856K, 14% used [0x00000000a0000000,0x00000000a0827e18,0x00000000a3880000)
 Metaspace       used 32470K, capacity 32958K, committed 33200K, reserved 1077248K
  class space    used 4554K, capacity 4715K, committed 4784K, reserved 1048576K
}
Event: 8.042 GC heap before
{Heap before GC invocations=10 (full 1):
 PSYoungGen      total 96256K, used 24169K [0x00000000e0000000, 0x00000000e7380000, 0x0000000100000000)
  eden space 86016K, 16% used [0x00000000e0000000,0x00000000e0e17968,0x00000000e5400000)
  from space 10240K, 95% used [0x00000000e5f00000,0x00000000e6882ba0,0x00000000e6900000)
  to   space 11264K, 0% used [0x00000000e5400000,0x00000000e5400000,0x00000000e5f00000)
 ParOldGen       total 57856K, used 8351K [0x00000000a0000000, 0x00000000a3880000, 0x00000000e0000000)
  object space 57856K, 14% used [0x00000000a0000000,0x00000000a0827e18,0x00000000a3880000)
 Metaspace       used 34932K, capacity 35400K, committed 35496K, reserved 1079296K
  class space    used 4828K, capacity 4998K, committed 5040K, reserved 1048576K
Event: 8.055 GC heap after
Heap after GC invocations=10 (full 1):
 PSYoungGen      total 97280K, used 6920K [0x00000000e0000000, 0x00000000e8c80000, 0x0000000100000000)
  eden space 86016K, 0% used [0x00000000e0000000,0x00000000e0000000,0x00000000e5400000)
  from space 11264K, 61% used [0x00000000e5400000,0x00000000e5ac22f8,0x00000000e5f00000)
  to   space 10752K, 0% used [0x00000000e8200000,0x00000000e8200000,0x00000000e8c80000)
 ParOldGen       total 57856K, used 9919K [0x00000000a0000000, 0x00000000a3880000, 0x00000000e0000000)
  object space 57856K, 17% used [0x00000000a0000000,0x00000000a09afe98,0x00000000a3880000)
 Metaspace       used 34932K, capacity 35400K, committed 35496K, reserved 1079296K
  class space    used 4828K, capacity 4998K, committed 5040K, reserved 1048576K
}
Event: 8.055 GC heap before
{Heap before GC invocations=11 (full 2):
 PSYoungGen      total 97280K, used 6920K [0x00000000e0000000, 0x00000000e8c80000, 0x0000000100000000)
  eden space 86016K, 0% used [0x00000000e0000000,0x00000000e0000000,0x00000000e5400000)
  from space 11264K, 61% used [0x00000000e5400000,0x00000000e5ac22f8,0x00000000e5f00000)
  to   space 10752K, 0% used [0x00000000e8200000,0x00000000e8200000,0x00000000e8c80000)
 ParOldGen       total 57856K, used 9919K [0x00000000a0000000, 0x00000000a3880000, 0x00000000e0000000)
  object space 57856K, 17% used [0x00000000a0000000,0x00000000a09afe98,0x00000000a3880000)
 Metaspace       used 34932K, capacity 35400K, committed 35496K, reserved 1079296K
  class space    used 4828K, capacity 4998K, committed 5040K, reserved 1048576K
Event: 8.157 GC heap after
Heap after GC invocations=11 (full 2):
 PSYoungGen      total 97280K, used 0K [0x00000000e0000000, 0x00000000e8c80000, 0x0000000100000000)
  eden space 86016K, 0% used [0x00000000e0000000,0x00000000e0000000,0x00000000e5400000)
  from space 11264K, 0% used [0x00000000e5400000,0x00000000e5400000,0x00000000e5f00000)
  to   space 10752K, 0% used [0x00000000e8200000,0x00000000e8200000,0x00000000e8c80000)
 ParOldGen       total 85504K, used 15039K [0x00000000a0000000, 0x00000000a5380000, 0x00000000e0000000)
  object space 85504K, 17% used [0x00000000a0000000,0x00000000a0eafe98,0x00000000a5380000)
 Metaspace       used 34932K, capacity 35400K, committed 35496K, reserved 1079296K
  class space    used 4828K, capacity 4998K, committed 5040K, reserved 1048576K
}
Event: 9.356 GC heap before
{Heap before GC invocations=12 (full 2):
 PSYoungGen      total 97280K, used 86016K [0x00000000e0000000, 0x00000000e8c80000, 0x0000000100000000)
  eden space 86016K, 100% used [0x00000000e0000000,0x00000000e5400000,0x00000000e5400000)
  from space 11264K, 0% used [0x00000000e5400000,0x00000000e5400000,0x00000000e5f00000)
  to   space 10752K, 0% used [0x00000000e8200000,0x00000000e8200000,0x00000000e8c80000)
 ParOldGen       total 85504K, used 15039K [0x00000000a0000000, 0x00000000a5380000, 0x00000000e0000000)
  object space 85504K, 17% used [0x00000000a0000000,0x00000000a0eafe98,0x00000000a5380000)
 Metaspace       used 40140K, capacity 40848K, committed 41128K, reserved 1085440K
  class space    used 5442K, capacity 5694K, committed 5808K, reserved 1048576K
Event: 9.373 GC heap after
Heap after GC invocations=12 (full 2):
 PSYoungGen      total 122368K, used 9447K [0x00000000e0000000, 0x00000000e8b80000, 0x0000000100000000)
  eden space 112640K, 0% used [0x00000000e0000000,0x00000000e0000000,0x00000000e6e00000)
  from space 9728K, 97% used [0x00000000e8200000,0x00000000e8b39e30,0x00000000e8b80000)
  to   space 11264K, 0% used [0x00000000e7580000,0x00000000e7580000,0x00000000e8080000)
 ParOldGen       total 85504K, used 15047K [0x00000000a0000000, 0x00000000a5380000, 0x00000000e0000000)
  object space 85504K, 17% used [0x00000000a0000000,0x00000000a0eb1e98,0x00000000a5380000)
 Metaspace       used 40140K, capacity 40848K, committed 41128K, reserved 1085440K
  class space    used 5442K, capacity 5694K, committed 5808K, reserved 1048576K
}

