# JRE version: OpenJDK Runtime Environment (8.0_152-b06) (build 1.8.0_152-release-1136-b06)
# Java VM: OpenJDK 64-Bit Server VM (25.152-b06 mixed mode windows-amd64 compressed oops)
Heap:
 PSYoungGen      total 37888K, used 32056K [0x00000000e0000000, 0x00000000e3f00000, 0x0000000100000000)
  eden space 27648K, 100% used [0x00000000e0000000,0x00000000e1b00000,0x00000000e1b00000)
  from space 10240K, 43% used [0x00000000e1b00000,0x00000000e1f4e348,0x00000000e2500000)
  to   space 10240K, 23% used [0x00000000e3500000,0x00000000e3750000,0x00000000e3f00000)
 ParOldGen       total 60416K, used 8347K [0x00000000a0000000, 0x00000000a3b00000, 0x00000000e0000000)
  object space 60416K, 13% used [0x00000000a0000000,0x00000000a0826f10,0x00000000a3b00000)
 Metaspace       used 27921K, capacity 28380K, committed 28720K, reserved 1073152K
  class space    used 3902K, capacity 4059K, committed 4144K, reserved 1048576K
GC Heap History (10 events):
Event: 6.096 GC heap before
{Heap before GC invocations=4 (full 0):
 PSYoungGen      total 37888K, used 37872K [0x00000000e0000000, 0x00000000e2a00000, 0x0000000100000000)
  eden space 32768K, 100% used [0x00000000e0000000,0x00000000e2000000,0x00000000e2000000)
  from space 5120K, 99% used [0x00000000e2000000,0x00000000e24fc030,0x00000000e2500000)
  to   space 5120K, 0% used [0x00000000e2500000,0x00000000e2500000,0x00000000e2a00000)
 ParOldGen       total 86016K, used 1916K [0x00000000a0000000, 0x00000000a5400000, 0x00000000e0000000)
  object space 86016K, 2% used [0x00000000a0000000,0x00000000a01df0b0,0x00000000a5400000)
 Metaspace       used 17212K, capacity 17588K, committed 17792K, reserved 1064960K
  class space    used 2484K, capacity 2612K, committed 2688K, reserved 1048576K
Event: 6.110 GC heap after
Heap after GC invocations=4 (full 0):
 PSYoungGen      total 37888K, used 5088K [0x00000000e0000000, 0x00000000e2a00000, 0x0000000100000000)
  eden space 32768K, 0% used [0x00000000e0000000,0x00000000e0000000,0x00000000e2000000)
  from space 5120K, 99% used [0x00000000e2500000,0x00000000e29f8040,0x00000000e2a00000)
  to   space 5120K, 0% used [0x00000000e2000000,0x00000000e2000000,0x00000000e2500000)
 ParOldGen       total 86016K, used 5104K [0x00000000a0000000, 0x00000000a5400000, 0x00000000e0000000)
  object space 86016K, 5% used [0x00000000a0000000,0x00000000a04fc398,0x00000000a5400000)
 Metaspace       used 17212K, capacity 17588K, committed 17792K, reserved 1064960K
  class space    used 2484K, capacity 2612K, committed 2688K, reserved 1048576K
}
Event: 6.692 GC heap before
{Heap before GC invocations=5 (full 0):
 PSYoungGen      total 37888K, used 24843K [0x00000000e0000000, 0x00000000e2a00000, 0x0000000100000000)
  eden space 32768K, 60% used [0x00000000e0000000,0x00000000e134adc8,0x00000000e2000000)
  from space 5120K, 99% used [0x00000000e2500000,0x00000000e29f8040,0x00000000e2a00000)
  to   space 5120K, 0% used [0x00000000e2000000,0x00000000e2000000,0x00000000e2500000)
 ParOldGen       total 86016K, used 5104K [0x00000000a0000000, 0x00000000a5400000, 0x00000000e0000000)
  object space 86016K, 5% used [0x00000000a0000000,0x00000000a04fc398,0x00000000a5400000)
 Metaspace       used 20867K, capacity 21244K, committed 21296K, reserved 1067008K
  class space    used 2921K, capacity 3076K, committed 3120K, reserved 1048576K
Event: 6.704 GC heap after
Heap after GC invocations=5 (full 0):
 PSYoungGen      total 37888K, used 5088K [0x00000000e0000000, 0x00000000e2a00000, 0x0000000100000000)
  eden space 32768K, 0% used [0x00000000e0000000,0x00000000e0000000,0x00000000e2000000)
  from space 5120K, 99% used [0x00000000e2000000,0x00000000e24f8030,0x00000000e2500000)
  to   space 5120K, 0% used [0x00000000e2500000,0x00000000e2500000,0x00000000e2a00000)
 ParOldGen       total 86016K, used 8123K [0x00000000a0000000, 0x00000000a5400000, 0x00000000e0000000)
  object space 86016K, 9% used [0x00000000a0000000,0x00000000a07eece8,0x00000000a5400000)
 Metaspace       used 20867K, capacity 21244K, committed 21296K, reserved 1067008K
  class space    used 2921K, capacity 3076K, committed 3120K, reserved 1048576K
}
Event: 6.704 GC heap before
{Heap before GC invocations=6 (full 1):
 PSYoungGen      total 37888K, used 5088K [0x00000000e0000000, 0x00000000e2a00000, 0x0000000100000000)
  eden space 32768K, 0% used [0x00000000e0000000,0x00000000e0000000,0x00000000e2000000)
  from space 5120K, 99% used [0x00000000e2000000,0x00000000e24f8030,0x00000000e2500000)
  to   space 5120K, 0% used [0x00000000e2500000,0x00000000e2500000,0x00000000e2a00000)
 ParOldGen       total 86016K, used 8123K [0x00000000a0000000, 0x00000000a5400000, 0x00000000e0000000)
  object space 86016K, 9% used [0x00000000a0000000,0x00000000a07eece8,0x00000000a5400000)
 Metaspace       used 20867K, capacity 21244K, committed 21296K, reserved 1067008K
  class space    used 2921K, capacity 3076K, committed 3120K, reserved 1048576K
Event: 6.764 GC heap after
Heap after GC invocations=6 (full 1):
 PSYoungGen      total 37888K, used 0K [0x00000000e0000000, 0x00000000e2a00000, 0x0000000100000000)
  eden space 32768K, 0% used [0x00000000e0000000,0x00000000e0000000,0x00000000e2000000)
  from space 5120K, 0% used [0x00000000e2000000,0x00000000e2000000,0x00000000e2500000)
  to   space 5120K, 0% used [0x00000000e2500000,0x00000000e2500000,0x00000000e2a00000)
 ParOldGen       total 60416K, used 8331K [0x00000000a0000000, 0x00000000a3b00000, 0x00000000e0000000)
  object space 60416K, 13% used [0x00000000a0000000,0x00000000a0822f10,0x00000000a3b00000)
 Metaspace       used 20867K, capacity 21244K, committed 21296K, reserved 1067008K
  class space    used 2921K, capacity 3076K, committed 3120K, reserved 1048576K
}
Event: 7.394 GC heap before
{Heap before GC invocations=7 (full 1):
 PSYoungGen      total 37888K, used 32768K [0x00000000e0000000, 0x00000000e2a00000, 0x0000000100000000)
  eden space 32768K, 100% used [0x00000000e0000000,0x00000000e2000000,0x00000000e2000000)
  from space 5120K, 0% used [0x00000000e2000000,0x00000000e2000000,0x00000000e2500000)
  to   space 5120K, 0% used [0x00000000e2500000,0x00000000e2500000,0x00000000e2a00000)
 ParOldGen       total 60416K, used 8331K [0x00000000a0000000, 0x00000000a3b00000, 0x00000000e0000000)
  object space 60416K, 13% used [0x00000000a0000000,0x00000000a0822f10,0x00000000a3b00000)
 Metaspace       used 23991K, capacity 24396K, committed 24496K, reserved 1071104K
  class space    used 3294K, capacity 3437K, committed 3504K, reserved 1048576K
Event: 7.398 GC heap after
Heap after GC invocations=7 (full 1):
 PSYoungGen      total 32768K, used 3780K [0x00000000e0000000, 0x00000000e4500000, 0x0000000100000000)
  eden space 27648K, 0% used [0x00000000e0000000,0x00000000e0000000,0x00000000e1b00000)
  from space 5120K, 73% used [0x00000000e2500000,0x00000000e28b11d0,0x00000000e2a00000)
  to   space 10240K, 0% used [0x00000000e1b00000,0x00000000e1b00000,0x00000000e2500000)
 ParOldGen       total 60416K, used 8339K [0x00000000a0000000, 0x00000000a3b00000, 0x00000000e0000000)
  object space 60416K, 13% used [0x00000000a0000000,0x00000000a0824f10,0x00000000a3b00000)
 Metaspace       used 23991K, capacity 24396K, committed 24496K, reserved 1071104K
  class space    used 3294K, capacity 3437K, committed 3504K, reserved 1048576K
}
Event: 7.862 GC heap before
{Heap before GC invocations=8 (full 1):
 PSYoungGen      total 32768K, used 31428K [0x00000000e0000000, 0x00000000e4500000, 0x0000000100000000)
  eden space 27648K, 100% used [0x00000000e0000000,0x00000000e1b00000,0x00000000e1b00000)
  from space 5120K, 73% used [0x00000000e2500000,0x00000000e28b11d0,0x00000000e2a00000)
  to   space 10240K, 0% used [0x00000000e1b00000,0x00000000e1b00000,0x00000000e2500000)
 ParOldGen       total 60416K, used 8339K [0x00000000a0000000, 0x00000000a3b00000, 0x00000000e0000000)
  object space 60416K, 13% used [0x00000000a0000000,0x00000000a0824f10,0x00000000a3b00000)
 Metaspace       used 26522K, capacity 26966K, committed 27184K, reserved 1073152K
  class space    used 3634K, capacity 3801K, committed 3888K, reserved 1048576K
Event: 7.872 GC heap after
Heap after GC invocations=8 (full 1):
 PSYoungGen      total 37888K, used 4408K [0x00000000e0000000, 0x00000000e3f00000, 0x0000000100000000)
  eden space 27648K, 0% used [0x00000000e0000000,0x00000000e0000000,0x00000000e1b00000)
  from space 10240K, 43% used [0x00000000e1b00000,0x00000000e1f4e348,0x00000000e2500000)
  to   space 10240K, 0% used [0x00000000e3500000,0x00000000e3500000,0x00000000e3f00000)
 ParOldGen       total 60416K, used 8347K [0x00000000a0000000, 0x00000000a3b00000, 0x00000000e0000000)
  object space 60416K, 13% used [0x00000000a0000000,0x00000000a0826f10,0x00000000a3b00000)
 Metaspace       used 26522K, capacity 26966K, committed 27184K, reserved 1073152K
  class space    used 3634K, capacity 3801K, committed 3888K, reserved 1048576K
}

